NUM_BV: 1055 NUM_LEAF: 177
15 5 0
15 6 2.164581
15 83 0
15 84 2.164587
15 163 13.24569
15 164 21.38007
15 241 21.38005
15 242 13.24565
17 3 39.284
17 4 39.28399
17 161 39.38786
17 162 39.67889
18 3 58.61734
18 4 40.60379
18 161 58.77199
18 162 41.35601
21 3 58.61734
21 4 40.58728
21 161 58.43622
21 162 41.17228
22 3 31.85593
22 4 12.4382
22 161 12.98052
22 162 7.38525
20 5 73.09246
20 6 65.83317
20 83 70.96779
20 84 63.58928
20 163 55.57732
20 164 46.65321
20 241 44.39746
20 242 51.45245
15 7 0
15 8 0
15 45 3.854481
15 46 7.04509
15 85 0
15 86 0
15 123 7.04506
15 124 3.859682
15 165 23.07548
15 166 19.4016
15 203 24.22416
15 204 42.82722
15 243 24.22417
15 244 42.82708
15 281 19.40165
15 282 23.01445
17 5 34.66887
17 6 34.66891
17 83 34.66898
17 84 34.66888
17 163 34.81077
17 164 34.6802
17 241 34.33432
17 242 34.66888
18 5 62.89435
18 6 70.42496
18 83 51.41475
18 84 43.04099
18 163 70.04892
18 164 65.41442
18 241 54.44019
18 242 43.55161
21 5 62.89435
21 6 70.42496
21 83 51.41475
21 84 43.04099
21 163 69.68719
21 164 65.06378
21 241 53.48679
21 242 43.22761
22 5 31.31406
22 6 30.31333
22 83 23.96264
22 84 12.79729
22 163 22.84121
22 164 12.89064
22 241 3.222393
22 242 5.622529
20 7 93.11475
20 8 75.25833
20 45 73.7684
20 46 70.06243
20 85 92.33907
20 86 74.93999
20 123 69.24949
20 124 72.04647
20 165 55.32419
20 166 57.83166
20 203 45.9604
20 204 49.58559
20 243 44.8742
20 244 49.64605
20 281 55.62997
20 282 54.8644
11 5 17.69665
11 6 11.74252
11 83 22.23903
11 84 27.6602
11 163 5.815708
11 164 6.15958
11 241 18.024
11 242 22.14974
12 5 35.63158
12 6 34.6689
12 83 35.51988
12 84 34.7574
12 163 34.66875
12 164 33.74355
12 241 33.78588
12 242 34.66888
10 7 91.17999
10 8 74.21586
10 45 70.8437
10 46 68.67567
10 85 91.18172
10 86 74.21586
10 123 68.67561
10 124 70.84445
10 165 52.48359
10 166 55.34104
10 203 43.98194
10 204 47.88645
10 243 43.98563
10 244 47.88645
10 281 55.34109
10 282 52.48197
15 9 0.4605155
15 10 0
15 27 0
15 28 0
15 47 5.105125
15 48 13.75463
15 65 10.40958
15 66 2.230102
15 87 0
15 88 0.4605494
15 105 0
15 106 0
15 125 2.230104
15 126 10.40958
15 143 5.105101
15 144 13.75577
15 167 23.21613
15 168 33.68176
15 185 21.58194
15 186 11.15018
15 205 16.87962
15 206 24.6921
15 223 42.70894
15 224 47.6951
15 245 16.87274
15 246 24.6921
15 263 47.69512
15 264 42.71228
15 283 11.15351
15 284 21.58194
15 301 23.21613
15 302 33.68178
17 7 33.73458
17 8 30.20085
17 45 33.81246
17 46 30.40249
17 85 33.73466
17 86 30.20562
17 123 30.20085
17 124 33.74176
17 165 38.99958
17 166 31.25208
17 203 31.98853
17 204 42.72521
17 243 31.26463
17 244 37.57744
17 281 30.20085
17 282 33.73672
18 7 71.94733
18 8 69.04174
18 45 92.01132
18 46 74.3632
18 85 53.16825
18 86 56.18579
18 123 43.6959
18 124 47.70344
18 165 90.45155
18 166 74.05391
18 203 69.76619
18 204 72.70525
18 243 57.87617
18 244 55.05901
18 281 44.42451
18 282 47.03381
21 7 71.94733
21 8 69.04174
21 45 92.00919
21 46 74.3632
21 85 53.14711
21 86 56.18579
21 123 43.6959
21 124 47.20386
21 165 90.33109
21 166 74.05386
21 203 69.76618
21 204 72.41065
21 243 57.75049
21 244 54.92802
21 281 44.4219
21 282 47.03381
22 7 51.96019
22 8 34.64673
22 45 51.83952
22 46 34.49203
22 85 31.75251
22 86 29.21481
22 123 16.11688
22 124 13.18215
22 165 31.97866
22 166 28.84573
22 203 16.76101
22 204 16.45835
22 243 4.897293
22 244 8.84396
22 281 3.891387
22 282 7.670285
20 9 93.77909
20 10 98.78904
20 27 75.53915
20 28 68.80428
20 47 86.4828
20 48 76.31299
20 65 72.3608
20 66 63.2421
20 87 97.51959
20 88 90.8932
20 105 75.33658
20 106 67.58877
20 125 62.7401
20 126 71.85583
20 143 81.89951
20 144 71.40495
20 167 67.70598
20 168 58.69115
20 185 61.21316
20 186 54.95841
20 205 47.13932
20 206 47.94809
20 223 53.62246
20 224 50.88107
20 245 47.08793
20 246 46.93385
20 263 50.86493
20 264 51.71164
20 283 51.98185
20 284 58.87179
20 301 62.20163
20 302 54.55172
11 7 17.39678
11 8 14.49502
11 45 10.97842
11 46 5.141685
11 85 29.92125
11 86 22.60833
11 123 26.81387
11 124 45.93505
11 165 5.319839
11 166 0.4191799
11 203 8.71368
11 204 9.134776
11 243 21.40388
11 244 25.19122
11 281 25.77939
11 282 42.00056
12 7 37.12492
12 8 30.36782
12 45 33.7347
12 46 30.20082
12 85 41.98028
12 86 31.22547
12 123 31.18682
12 124 38.34974
12 165 33.74717
12 166 30.20087
12 203 31.14062
12 204 34.9091
12 243 31.14061
12 244 34.29364
12 281 30.33588
12 282 33.73796
10 9 90.57981
10 10 97.12653
10 27 74.52124
10 28 66.16473
10 47 81.74197
10 48 71.15408
10 65 71.13866
10 66 60.83761
10 87 97.12653
10 88 90.57984
10 105 74.52124
10 106 66.15904
10 125 60.83762
10 126 71.13867
10 143 81.74197
10 144 71.15409
10 167 61.93633
10 168 53.81419
10 185 58.61121
10 186 50.74291
10 205 44.28275
10 206 45.99276
10 223 50.72204
10 224 49.27673
10 245 44.27862
10 246 45.99276
10 263 49.27666
10 264 50.72219
10 283 50.744
10 284 58.61121
10 301 61.93629
10 302 53.81404
7 7 0
7 8 0
7 45 0
7 46 0
7 85 0
7 86 0
7 123 0
7 124 0
7 165 0
7 166 0
7 203 0
7 204 0
7 243 0
7 244 0
7 281 0
7 282 0
8 7 3.143028
8 8 6.185761
8 45 0
8 46 0
8 85 21.92662
8 86 19.04176
8 123 24.3632
8 124 42.01113
8 165 0
8 166 0
8 203 7.749224
8 204 4.928468
8 243 19.76621
8 244 22.41071
8 281 24.05387
8 282 40.33034
15 11 1.194762
15 12 0.4665598
15 19 0
15 20 0
15 29 0.06342602
15 30 0
15 39 0
15 40 4.336245
15 49 4.430905
15 50 7.379759
15 57 15.48044
15 58 13.67639
15 67 14.15196
15 68 10.40958
15 77 21.98495
15 78 7.228471
15 89 0
15 90 0
15 97 0.4665583
15 98 1.194737
15 107 0.06342387
15 108 0
15 117 4.336249
15 118 0
15 127 21.98495
15 128 7.22847
15 133 10.40957
15 134 14.15197
15 145 7.379734
15 146 4.430882
15 153 13.67624
15 154 15.48037
15 169 22.54227
15 170 25.85426
15 177 35.49694
15 178 33.59355
15 187 23.85072
15 188 21.58193
15 197 23.23081
15 198 24.38187
15 207 24.59654
15 208 24.99918
15 213 24.6921
15 214 24.89647
15 225 42.29316
15 226 43.68472
15 231 47.46172
15 232 47.99465
15 247 24.59654
15 248 24.99919
15 253 24.6921
15 254 24.89647
15 265 47.99465
15 266 47.46173
15 275 43.68434
15 276 42.29313
15 285 24.38188
15 286 23.23081
15 291 21.58193
15 292 23.85073
15 303 25.85502
15 304 22.54226
15 311 33.59353
15 312 35.49686
17 9 36.09708
17 10 37.37643
17 27 34.0171
17 28 39.99998
17 47 38.25927
17 48 39.84322
17 65 34.0924
17 66 39.99999
17 87 36.09705
17 88 37.37642
17 105 34.02047
17 106 39.99999
17 125 39.99999
17 126 34.0171
17 143 36.0971
17 144 37.37674
17 167 43.56544
17 168 43.69587
17 185 34.41216
17 186 39.99997
17 205 39.99997
17 206 34.37362
17 223 44.92416
17 224 42.7014
17 245 39.99999
17 246 34.10632
17 263 39.82157
17 264 38.41524
17 283 39.99996
17 284 34.01709
17 301 36.09708
17 302 37.37644
18 9 82.71851
18 10 72.18316
18 27 71.36221
18 28 61.00109
18 47 91.37635
18 48 97.57981
18 65 74.6112
18 66 66.52516
18 87 62.83597
18 88 54.44325
18 105 59.50267
18 106 51.47055
18 125 43.89925
18 126 46.32093
18 143 50.15107
18 144 49.05877
18 167 97.2036
18 168 90.55579
18 185 74.42235
18 186 65.98412
18 205 62.28136
18 206 70.91168
18 223 84.32487
18 224 75.0199
18 245 53.59802
18 246 61.47059
18 263 64.91402
18 264 57.86041
18 283 43.96299
18 284 47.09162
18 301 49.18445
18 302 51.75504
21 9 82.7185
21 10 72.18316
21 27 71.36221
21 28 60.98739
21 47 91.37634
21 48 97.57981
21 65 74.61119
21 66 66.52516
21 87 62.83596
21 88 54.44325
21 105 59.50267
21 106 51.47055
21 125 43.82901
21 126 46.32093
21 143 50.15107
21 144 49.05877
21 167 96.63662
21 168 89.75716
21 185 74.42235
21 186 65.80599
21 205 62.20267
21 206 70.91168
21 223 83.17442
21 224 73.83228
21 245 53.01934
21 246 61.33045
21 263 63.73673
21 264 56.63128
21 283 43.87651
21 284 47.08715
21 301 48.86836
21 302 50.80907
22 9 58.25063
22 10 52.06615
22 27 34.9227
22 28 27.09431
22 47 57.24145
22 48 50.54306
22 65 34.82824
22 66 26.73006
22 87 43.73403
22 88 33.17437
22 105 31.6062
22 106 21.73648
22 125 12.20009
22 126 19.41028
22 143 24.69274
22 144 16.25692
22 167 41.60458
22 168 31.02282
22 185 31.38092
22 186 21.60149
22 205 13.05431
22 206 18.52706
22 223 24.03798
22 224 16.46021
22 245 5.562007
22 246 7.656491
22 263 11.06315
22 264 9.686648
22 283 5.477336
22 284 6.507548
22 301 11.86443
22 302 9.940284
20 11 95.42915
20 12 93.79805
20 19 99.03946
20 20 99.47134
20 29 75.83161
20 30 75.53915
20 39 75.95545
20 40 75.51653
20 49 86.54492
20 50 87.72005
20 57 78.9674
20 58 75.58889
20 67 74.76074
20 68 72.36079
20 77 74.14378
20 78 75.29669
20 89 98.69822
20 90 97.49431
20 97 90.63021
20 98 92.53839
20 107 75.76057
20 108 75.33659
20 117 75.39513
20 118 75.94081
20 127 73.94878
20 128 75.15449
20 133 71.85581
20 134 74.58784
20 145 83.81139
20 146 81.81125
20 153 70.75047
20 154 73.98547
20 169 67.89403
20 170 68.77084
20 177 60.67745
20 178 58.37851
20 187 64.96542
20 188 61.21316
20 197 72.53529
20 198 58.28283
20 207 55.48571
20 208 50.56046
20 213 47.94809
20 214 51.3456
20 225 55.30559
20 226 53.80452
20 231 50.79712
20 232 50.81653
20 247 53.62012
20 248 50.42277
20 253 46.93385
20 254 50.2927
20 265 50.95536
20 266 50.81227
20 275 51.60495
20 276 52.4698
20 285 56.14377
20 286 70.15771
20 291 58.8718
20 292 62.55251
20 303 63.90907
20 304 62.13643
20 311 54.0203
20 312 56.44721
5 169 22.54227
5 170 25.85426
5 177 35.49694
5 178 33.59355
5 187 23.85072
5 188 21.58193
5 197 23.23081
5 198 24.38187
5 207 24.59654
5 208 24.99918
5 213 24.6921
5 214 24.89647
5 225 42.29316
5 226 43.68473
5 231 47.46172
5 232 47.99465
5 247 24.59654
5 248 24.99919
5 253 24.6921
5 254 24.89647
5 265 48.38147
5 266 47.94731
5 275 44.96415
5 276 43.5641
5 285 24.38188
5 286 23.23081
5 291 21.58193
5 292 23.85074
5 303 28.82389
5 304 25.82694
5 311 36.33889
5 312 37.47301
11 9 1e+37
11 10 1e+37
11 27 1e+37
11 28 1e+37
11 47 1e+37
11 48 1e+37
11 65 1e+37
11 66 1e+37
11 87 1e+37
11 88 1e+37
11 105 1e+37
11 106 1e+37
11 125 1e+37
11 126 1e+37
11 143 1e+37
11 144 1e+37
11 167 1e+37
11 168 1e+37
11 185 1e+37
11 186 1e+37
11 205 1e+37
11 206 1e+37
11 223 1e+37
11 224 1e+37
11 245 1e+37
11 246 1e+37
11 263 1e+37
11 264 1e+37
11 283 1e+37
11 284 1e+37
11 301 1e+37
11 302 1e+37
12 9 1e+37
12 10 1e+37
12 27 1e+37
12 28 1e+37
12 47 1e+37
12 48 1e+37
12 65 1e+37
12 66 1e+37
12 87 1e+37
12 88 1e+37
12 105 1e+37
12 106 1e+37
12 125 1e+37
12 126 1e+37
12 143 1e+37
12 144 1e+37
12 167 1e+37
12 168 1e+37
12 185 1e+37
12 186 1e+37
12 205 1e+37
12 206 1e+37
12 223 1e+37
12 224 1e+37
12 245 1e+37
12 246 1e+37
12 263 1e+37
12 264 1e+37
12 283 1e+37
12 284 1e+37
12 301 1e+37
12 302 1e+37
10 11 1e+37
10 12 1e+37
10 19 1e+37
10 20 1e+37
10 29 1e+37
10 30 1e+37
10 39 1e+37
10 40 1e+37
10 49 1e+37
10 50 1e+37
10 57 1e+37
10 58 1e+37
10 67 1e+37
10 68 1e+37
10 77 1e+37
10 78 1e+37
10 89 1e+37
10 90 1e+37
10 97 1e+37
10 98 1e+37
10 107 1e+37
10 108 1e+37
10 117 1e+37
10 118 1e+37
10 127 1e+37
10 128 1e+37
10 133 1e+37
10 134 1e+37
10 145 1e+37
10 146 1e+37
10 153 1e+37
10 154 1e+37
10 169 1e+37
10 170 1e+37
10 177 1e+37
10 178 1e+37
10 187 1e+37
10 188 1e+37
10 197 1e+37
10 198 1e+37
10 207 1e+37
10 208 1e+37
10 213 1e+37
10 214 1e+37
10 225 1e+37
10 226 1e+37
10 231 1e+37
10 232 1e+37
10 247 1e+37
10 248 1e+37
10 253 1e+37
10 254 1e+37
10 265 1e+37
10 266 1e+37
10 275 1e+37
10 276 1e+37
10 285 1e+37
10 286 1e+37
10 291 1e+37
10 292 1e+37
10 303 1e+37
10 304 1e+37
10 311 1e+37
10 312 1e+37
7 9 1e+37
7 10 1e+37
7 27 1e+37
7 28 1e+37
7 47 1e+37
7 48 1e+37
7 65 1e+37
7 66 1e+37
7 87 1e+37
7 88 1e+37
7 105 1e+37
7 106 1e+37
7 125 1e+37
7 126 1e+37
7 143 1e+37
7 144 1e+37
7 167 1e+37
7 168 1e+37
7 185 1e+37
7 186 1e+37
7 205 1e+37
7 206 1e+37
7 223 1e+37
7 224 1e+37
7 245 1e+37
7 246 1e+37
7 263 1e+37
7 264 1e+37
7 283 1e+37
7 284 1e+37
7 301 1e+37
7 302 1e+37
8 9 1e+37
8 10 1e+37
8 27 1e+37
8 28 1e+37
8 47 1e+37
8 48 1e+37
8 65 1e+37
8 66 1e+37
8 87 1e+37
8 88 1e+37
8 105 1e+37
8 106 1e+37
8 125 1e+37
8 126 1e+37
8 143 1e+37
8 144 1e+37
8 167 1e+37
8 168 1e+37
8 185 1e+37
8 186 1e+37
8 205 1e+37
8 206 1e+37
8 223 1e+37
8 224 1e+37
8 245 1e+37
8 246 1e+37
8 263 1e+37
8 264 1e+37
8 283 1e+37
8 284 1e+37
8 301 1e+37
8 302 1e+37
15 15 1e+37
15 22 1e+37
15 33 1e+37
15 34 1e+37
15 52 1e+37
15 61 1e+37
15 71 1e+37
15 72 1e+37
15 93 1e+37
15 100 1e+37
15 111 1e+37
15 112 1e+37
15 135 1e+37
15 136 1e+37
15 149 1e+37
15 156 1e+37
15 172 1e+37
15 181 1e+37
15 191 1e+37
15 192 1e+37
15 215 1e+37
15 216 1e+37
15 233 1e+37
15 237 1e+37
15 255 1e+37
15 268 1e+37
15 272 1e+37
15 293 1e+37
15 294 1e+37
15 307 1e+37
15 314 1e+37
17 11 1e+37
17 12 1e+37
17 19 1e+37
17 20 1e+37
17 29 1e+37
17 30 1e+37
17 39 1e+37
17 40 1e+37
17 49 1e+37
17 50 1e+37
17 57 1e+37
17 58 1e+37
17 67 1e+37
17 68 1e+37
17 77 1e+37
17 78 1e+37
17 89 1e+37
17 90 1e+37
17 97 1e+37
17 98 1e+37
17 107 1e+37
17 108 1e+37
17 117 1e+37
17 118 1e+37
17 127 1e+37
17 128 1e+37
17 133 1e+37
17 134 1e+37
17 145 1e+37
17 146 1e+37
17 153 1e+37
17 154 1e+37
17 169 1e+37
17 170 1e+37
17 177 1e+37
17 178 1e+37
17 187 1e+37
17 188 1e+37
17 197 1e+37
17 198 1e+37
17 207 1e+37
17 208 1e+37
17 213 1e+37
17 214 1e+37
17 225 1e+37
17 226 1e+37
17 231 1e+37
17 232 1e+37
17 247 1e+37
17 248 1e+37
17 253 1e+37
17 254 1e+37
17 265 1e+37
17 266 1e+37
17 275 1e+37
17 276 1e+37
17 285 1e+37
17 286 1e+37
17 291 1e+37
17 292 1e+37
17 303 1e+37
17 304 1e+37
17 311 1e+37
17 312 1e+37
18 11 1e+37
18 12 1e+37
18 19 1e+37
18 20 1e+37
18 29 1e+37
18 30 1e+37
18 39 1e+37
18 40 1e+37
18 49 1e+37
18 50 1e+37
18 57 1e+37
18 58 1e+37
18 67 1e+37
18 68 1e+37
18 77 1e+37
18 78 1e+37
18 89 1e+37
18 90 1e+37
18 97 1e+37
18 98 1e+37
18 107 1e+37
18 108 1e+37
18 117 1e+37
18 118 1e+37
18 127 1e+37
18 128 1e+37
18 133 1e+37
18 134 1e+37
18 145 1e+37
18 146 1e+37
18 153 1e+37
18 154 1e+37
18 169 1e+37
18 170 1e+37
18 177 1e+37
18 178 1e+37
18 187 1e+37
18 188 1e+37
18 197 1e+37
18 198 1e+37
18 207 1e+37
18 208 1e+37
18 213 1e+37
18 214 1e+37
18 225 1e+37
18 226 1e+37
18 231 1e+37
18 232 1e+37
18 247 1e+37
18 248 1e+37
18 253 1e+37
18 254 1e+37
18 265 1e+37
18 266 1e+37
18 275 1e+37
18 276 1e+37
18 285 1e+37
18 286 1e+37
18 291 1e+37
18 292 1e+37
18 303 1e+37
18 304 1e+37
18 311 1e+37
18 312 1e+37
21 11 1e+37
21 12 1e+37
21 19 1e+37
21 20 1e+37
21 29 1e+37
21 30 1e+37
21 39 1e+37
21 40 1e+37
21 49 1e+37
21 50 1e+37
21 57 1e+37
21 58 1e+37
21 67 1e+37
21 68 1e+37
21 77 1e+37
21 78 1e+37
21 89 1e+37
21 90 1e+37
21 97 1e+37
21 98 1e+37
21 107 1e+37
21 108 1e+37
21 117 1e+37
21 118 1e+37
21 127 1e+37
21 128 1e+37
21 133 1e+37
21 134 1e+37
21 145 1e+37
21 146 1e+37
21 153 1e+37
21 154 1e+37
21 169 1e+37
21 170 1e+37
21 177 1e+37
21 178 1e+37
21 187 1e+37
21 188 1e+37
21 197 1e+37
21 198 1e+37
21 207 1e+37
21 208 1e+37
21 213 1e+37
21 214 1e+37
21 225 1e+37
21 226 1e+37
21 231 1e+37
21 232 1e+37
21 247 1e+37
21 248 1e+37
21 253 1e+37
21 254 1e+37
21 265 1e+37
21 266 1e+37
21 275 1e+37
21 276 1e+37
21 285 1e+37
21 286 1e+37
21 291 1e+37
21 292 1e+37
21 303 1e+37
21 304 1e+37
21 311 1e+37
21 312 1e+37
15 13 5.013932
15 14 2.863599
15 16 1.533324
15 21 1.286589
15 25 0.323745
15 26 0
15 31 1.832141
15 32 1.286589
15 41 0
15 42 0
15 43 6.724121
15 44 5.013932
15 51 14.28269
15 55 12.67715
15 56 9.294924
15 59 21.98658
15 60 18.04457
15 62 16.25525
15 69 16.30492
15 70 14.28269
15 79 23.54065
15 80 21.98658
15 81 9.641989
15 82 7.681891
15 91 0
15 92 0.323745
15 94 1.286589
15 99 1.286589
15 103 2.863599
15 104 5.013932
15 109 1.286589
15 110 1.286589
15 119 5.013932
15 120 5.013931
15 121 0
15 122 0
15 129 21.98658
15 130 21.98658
15 131 7.681891
15 132 7.681891
15 141 14.28269
15 142 14.28269
15 147 7.681891
15 148 10.79838
15 150 14.28269
15 155 14.28269
15 159 18.04457
15 160 21.98658
5 13 5.013932
5 14 2.863599
5 16 1.286589
5 21 1.286589
5 25 0.4971779
5 26 0.5483792
5 31 1.286589
5 32 6.634407
5 41 0.5483792
5 42 9.392469
5 43 5.013932
5 44 6.713074
5 51 14.28269
5 55 10.79838
5 56 7.681891
5 59 21.98658
5 60 18.04457
5 62 14.28269
5 69 14.28269
5 70 14.32342
5 79 21.98658
5 80 21.98673
5 81 7.681891
5 82 8.290203
5 91 4.042504
5 92 5.918068
5 94 5.918068
5 99 7.964441
5 103 7.964441
5 104 10.261
5 109 5.918068
5 110 14.7494
5 119 10.261
5 120 18.56171
5 121 2.236068
5 122 11.18034
5 129 27.38613
5 130 24.71245
5 131 12.84866
5 132 20.68784
5 141 25.28293
5 142 18.87314
5 147 15.7295
5 148 18.87314
5 150 18.87314
5 155 22.22514
5 159 22.22514
5 160 25.71437
15 171 33.86512
15 175 31.24176
15 176 27.4988
15 179 40.81114
15 180 37.5
15 182 34.84792
15 189 25
15 190 25
15 199 25
15 200 25
15 201 25
15 202 25
15 209 25
15 210 25
15 211 25
15 212 25
15 221 25
15 222 25
15 227 46.12975
15 228 43.71277
15 229 46.28107
15 230 44.01836
15 234 47.99949
15 238 48.04745
15 249 25
15 250 25
15 251 25
15 252 25
15 256 25
15 261 25
15 262 25
15 267 47.99949
15 271 47.99949
15 277 43.71277
15 278 46.12975
15 279 43.71277
15 280 46.12975
15 287 25
15 288 25
15 289 25
15 290 25
15 299 25
15 300 25
15 305 26.00665
15 306 30.00064
15 308 33.86512
15 313 33.86512
15 317 37.5
15 318 40.81114
5 17 5.013932
5 18 2.863599
5 23 0.5483792
5 24 2.236068
5 35 0.4971781
5 36 6.539608
5 37 2.863599
5 38 7.74746
5 53 10.79838
5 54 7.681891
5 63 21.98658
5 64 18.04457
5 73 18.04457
5 74 18.04997
5 75 10.97824
5 76 10.79838
5 95 2.236068
5 96 4.042504
5 101 10.261
5 102 12.84866
5 113 7.964441
5 114 16.59718
5 115 4.042504
5 116 12.96313
5 137 27.06114
5 138 22.19884
5 139 22.9768
5 140 15.7295
5 151 12.84866
5 152 15.7295
5 157 25.71437
5 158 29.25923
